<?xml version="1.0" encoding="UTF-8"?>
<testng-results ignored="0" total="1" passed="1" failed="0" skipped="0">
  <reporter-output>
  </reporter-output>
  <suite started-at="2021-11-05T16:45:06 MYT" name="MyTestSuite" finished-at="2021-11-05T16:45:12 MYT" duration-ms="6142">
    <groups>
    </groups>
    <test started-at="2021-11-05T16:45:06 MYT" name="firefox" finished-at="2021-11-05T16:45:12 MYT" duration-ms="6142">
      <class name="merchantLogin.merchantLoginFirefox">
        <test-method signature="verfiedFirefoxLogin()[pri:0, instance:merchantLogin.merchantLoginFirefox@28cda624]" started-at="2021-11-05T16:45:06 MYT" name="verfiedFirefoxLogin" finished-at="2021-11-05T16:45:12 MYT" duration-ms="6114" status="PASS">
          <reporter-output>
          </reporter-output>
        </test-method> <!-- verfiedFirefoxLogin -->
      </class> <!-- merchantLogin.merchantLoginFirefox -->
    </test> <!-- firefox -->
  </suite> <!-- MyTestSuite -->
</testng-results>
